<?xml version="1.0" encoding="UTF-8"?>
<!-- Generated by org.testng.reporters.JUnitReportReporter -->
<testsuite hostname="Lenovo" failures="0" tests="1" name="org.tabletest.WebTableAutomation" time="11.286" errors="0" timestamp="10 Jan 2021 17:55:44 GMT" skipped="0">
  <testcase classname="org.tabletest.WebTableAutomation" name="tableTesting" time="11.286"/>
</testsuite> <!-- org.tabletest.WebTableAutomation -->
